2026-02-03 22:18:22,198 - INFO - Starting server on port 8001
2026-02-03 22:18:22,250 - INFO - Server running...
2026-02-03 22:29:27,977 - INFO - Starting server on port 8001
2026-02-03 22:29:28,054 - INFO - Server running...
2026-02-03 22:30:32,881 - INFO - Starting server on port 8001
2026-02-03 22:30:32,925 - INFO - Server running...
2026-02-03 22:31:22,633 - INFO - Starting server on port 8001
2026-02-03 22:31:22,733 - INFO - Server running...
2026-02-03 22:32:09,737 - INFO - Starting server on port 8001
2026-02-03 22:32:09,787 - INFO - Server running...
2026-02-03 22:32:18,176 - INFO - Checking MX for google.com
2026-02-03 22:32:18,423 - INFO - MX found for google.com
2026-02-03 22:32:18,425 - INFO - Checking MX for github.com
2026-02-03 22:32:18,636 - INFO - MX found for github.com
2026-02-03 22:32:53,721 - INFO - Starting server on port 8001
2026-02-03 22:32:53,753 - INFO - Server running...
2026-02-03 22:55:56,630 - INFO - Starting server on port 8001
2026-02-03 22:55:56,690 - INFO - Server running...
2026-02-03 22:57:45,558 - INFO - Starting server on port 8001
2026-02-03 22:57:45,581 - INFO - Server running...
2026-02-03 22:59:01,304 - INFO - Stopping server (KeyboardInterrupt)
2026-02-03 22:59:01,327 - INFO - Server closed.
2026-02-03 22:59:27,115 - INFO - Starting server on port 8001
2026-02-03 22:59:27,141 - INFO - Server running...
2026-02-04 12:08:49,533 - INFO - Stopping server (KeyboardInterrupt)
2026-02-04 12:08:49,551 - INFO - Server closed.
2026-02-04 12:08:53,672 - INFO - Starting server on port 8001
2026-02-04 12:08:53,744 - INFO - Server running...
